[INFO] Scanning for projects...
[INFO] 
[INFO] -----------------< com.localdeals:local-deals-service >-----------------
[INFO] Building local-deals-service 0.0.1-SNAPSHOT
[INFO]   from pom.xml
[INFO] --------------------------------[ jar ]---------------------------------
[INFO] 
[INFO] --- resources:3.1.0:resources (default-resources) @ local-deals-service ---
[INFO] Using 'UTF-8' encoding to copy filtered resources.
[INFO] Copying 1 resource
[INFO] Copying 6 resources
[INFO] 
[INFO] --- compiler:3.8.1:compile (default-compile) @ local-deals-service ---
[INFO] Nothing to compile - all classes are up to date
[INFO] 
[INFO] --- resources:3.1.0:testResources (default-testResources) @ local-deals-service ---
[INFO] Using 'UTF-8' encoding to copy filtered resources.
[INFO] skip non existing resourceDirectory /home/sd101t/IdeaProjects/hm-dianping/src/test/resources
[INFO] 
[INFO] --- compiler:3.8.1:testCompile (default-testCompile) @ local-deals-service ---
[INFO] Nothing to compile - all classes are up to date
[INFO] 
[INFO] --- surefire:2.22.2:test (default-test) @ local-deals-service ---
[INFO] 
[INFO] -------------------------------------------------------
[INFO]  T E S T S
[INFO] -------------------------------------------------------
[INFO] Running com.localdeals.benchmark.BenchmarkDataTool
10:23:43.874 [main] DEBUG org.springframework.test.context.BootstrapUtils - Instantiating CacheAwareContextLoaderDelegate from class [org.springframework.test.context.cache.DefaultCacheAwareContextLoaderDelegate]
10:23:43.879 [main] DEBUG org.springframework.test.context.BootstrapUtils - Instantiating BootstrapContext using constructor [public org.springframework.test.context.support.DefaultBootstrapContext(java.lang.Class,org.springframework.test.context.CacheAwareContextLoaderDelegate)]
10:23:43.891 [main] DEBUG org.springframework.test.context.BootstrapUtils - Instantiating TestContextBootstrapper for test class [com.localdeals.benchmark.BenchmarkDataTool] from class [org.springframework.boot.test.context.SpringBootTestContextBootstrapper]
10:23:43.897 [main] INFO org.springframework.boot.test.context.SpringBootTestContextBootstrapper - Neither @ContextConfiguration nor @ContextHierarchy found for test class [com.localdeals.benchmark.BenchmarkDataTool], using SpringBootContextLoader
10:23:43.898 [main] DEBUG org.springframework.test.context.support.AbstractContextLoader - Did not detect default resource location for test class [com.localdeals.benchmark.BenchmarkDataTool]: class path resource [com/localdeals/benchmark/BenchmarkDataTool-context.xml] does not exist
10:23:43.899 [main] DEBUG org.springframework.test.context.support.AbstractContextLoader - Did not detect default resource location for test class [com.localdeals.benchmark.BenchmarkDataTool]: class path resource [com/localdeals/benchmark/BenchmarkDataToolContext.groovy] does not exist
10:23:43.899 [main] INFO org.springframework.test.context.support.AbstractContextLoader - Could not detect default resource locations for test class [com.localdeals.benchmark.BenchmarkDataTool]: no resource found for suffixes {-context.xml, Context.groovy}.
10:23:43.899 [main] INFO org.springframework.test.context.support.AnnotationConfigContextLoaderUtils - Could not detect default configuration classes for test class [com.localdeals.benchmark.BenchmarkDataTool]: BenchmarkDataTool does not declare any static, non-private, non-final, nested classes annotated with @Configuration.
10:23:43.944 [main] DEBUG org.springframework.context.annotation.ClassPathScanningCandidateComponentProvider - Identified candidate component class: file [/home/sd101t/IdeaProjects/hm-dianping/target/classes/com/localdeals/LocalDealsApplication.class]
10:23:43.944 [main] INFO org.springframework.boot.test.context.SpringBootTestContextBootstrapper - Found @SpringBootConfiguration com.localdeals.LocalDealsApplication for test class com.localdeals.benchmark.BenchmarkDataTool
10:23:43.980 [main] DEBUG org.springframework.boot.test.context.SpringBootTestContextBootstrapper - @TestExecutionListeners is not present for class [com.localdeals.benchmark.BenchmarkDataTool]: using defaults.
10:23:43.981 [main] INFO org.springframework.boot.test.context.SpringBootTestContextBootstrapper - Loaded default TestExecutionListener class names from location [META-INF/spring.factories]: [org.springframework.boot.test.mock.mockito.MockitoTestExecutionListener, org.springframework.boot.test.mock.mockito.ResetMocksTestExecutionListener, org.springframework.boot.test.autoconfigure.restdocs.RestDocsTestExecutionListener, org.springframework.boot.test.autoconfigure.web.client.MockRestServiceServerResetTestExecutionListener, org.springframework.boot.test.autoconfigure.web.servlet.MockMvcPrintOnlyOnFailureTestExecutionListener, org.springframework.boot.test.autoconfigure.web.servlet.WebDriverTestExecutionListener, org.springframework.boot.test.autoconfigure.webservices.client.MockWebServiceServerTestExecutionListener, org.springframework.test.context.web.ServletTestExecutionListener, org.springframework.test.context.support.DirtiesContextBeforeModesTestExecutionListener, org.springframework.test.context.support.DependencyInjectionTestExecutionListener, org.springframework.test.context.support.DirtiesContextTestExecutionListener, org.springframework.test.context.transaction.TransactionalTestExecutionListener, org.springframework.test.context.jdbc.SqlScriptsTestExecutionListener, org.springframework.test.context.event.EventPublishingTestExecutionListener]
10:23:43.988 [main] INFO org.springframework.boot.test.context.SpringBootTestContextBootstrapper - Using TestExecutionListeners: [org.springframework.test.context.web.ServletTestExecutionListener@1a245833, org.springframework.test.context.support.DirtiesContextBeforeModesTestExecutionListener@673fdbce, org.springframework.boot.test.mock.mockito.MockitoTestExecutionListener@5965d37, org.springframework.boot.test.autoconfigure.SpringBootDependencyInjectionTestExecutionListener@7a5ceedd, org.springframework.test.context.support.DirtiesContextTestExecutionListener@4201c465, org.springframework.test.context.transaction.TransactionalTestExecutionListener@5b799640, org.springframework.test.context.jdbc.SqlScriptsTestExecutionListener@6cb107fd, org.springframework.test.context.event.EventPublishingTestExecutionListener@710636b0, org.springframework.boot.test.mock.mockito.ResetMocksTestExecutionListener@3de8f619, org.springframework.boot.test.autoconfigure.restdocs.RestDocsTestExecutionListener@2ab4bc72, org.springframework.boot.test.autoconfigure.web.client.MockRestServiceServerResetTestExecutionListener@4e5ed836, org.springframework.boot.test.autoconfigure.web.servlet.MockMvcPrintOnlyOnFailureTestExecutionListener@eadd4fb, org.springframework.boot.test.autoconfigure.web.servlet.WebDriverTestExecutionListener@740fb309, org.springframework.boot.test.autoconfigure.webservices.client.MockWebServiceServerTestExecutionListener@7bd7d6d6]
10:23:43.990 [main] DEBUG org.springframework.test.context.support.AbstractDirtiesContextTestExecutionListener - Before test class: context [DefaultTestContext@1807e3f6 testClass = BenchmarkDataTool, testInstance = [null], testMethod = [null], testException = [null], mergedContextConfiguration = [WebMergedContextConfiguration@480d3575 testClass = BenchmarkDataTool, locations = '{}', classes = '{class com.localdeals.LocalDealsApplication}', contextInitializerClasses = '[]', activeProfiles = '{test}', propertySourceLocations = '{}', propertySourceProperties = '{org.springframework.boot.test.context.SpringBootTestContextBootstrapper=true}', contextCustomizers = set[org.springframework.boot.test.context.filter.ExcludeFilterContextCustomizer@223191a6, org.springframework.boot.test.json.DuplicateJsonObjectContextCustomizerFactory$DuplicateJsonObjectContextCustomizer@6069db50, org.springframework.boot.test.mock.mockito.MockitoContextCustomizer@0, org.springframework.boot.test.web.client.TestRestTemplateContextCustomizer@35d019a3, org.springframework.boot.test.autoconfigure.properties.PropertyMappingContextCustomizer@0, org.springframework.boot.test.autoconfigure.web.servlet.WebDriverContextCustomizerFactory$Customizer@4218d6a3, org.springframework.boot.test.context.SpringBootTestArgs@1, org.springframework.boot.test.context.SpringBootTestWebEnvironment@29ee9faa], resourceBasePath = 'src/main/webapp', contextLoader = 'org.springframework.boot.test.context.SpringBootContextLoader', parent = [null]], attributes = map['org.springframework.test.context.web.ServletTestExecutionListener.activateListener' -> true]], class annotated with @DirtiesContext [false] with mode [null].
10:23:44.000 [main] DEBUG org.springframework.core.env.StandardEnvironment - Activating profiles [test]
10:23:44.001 [main] DEBUG org.springframework.test.context.support.TestPropertySourceUtils - Adding inlined properties to environment: {spring.jmx.enabled=false, org.springframework.boot.test.context.SpringBootTestContextBootstrapper=true}

  .   ____          _            __ _ _
 /\\ / ___'_ __ _ _(_)_ __  __ _ \ \ \ \
( ( )\___ | '_ | '_| | '_ \/ _` | \ \ \ \
 \\/  ___)| |_)| | | | | || (_| |  ) ) ) )
  '  |____| .__|_| |_|_| |_\__, | / / / /
 =========|_|==============|___/=/_/_/_/
 :: Spring Boot ::       (v2.3.12.RELEASE)

2026-05-20 10:23:44.119  INFO 76531 --- [           main] c.l.benchmark.BenchmarkDataTool          : Starting BenchmarkDataTool on sd101t-MS-7D76 with PID 76531 (started by sd101t in /home/sd101t/IdeaProjects/hm-dianping)
2026-05-20 10:23:44.120 DEBUG 76531 --- [           main] c.l.benchmark.BenchmarkDataTool          : Running with Spring Boot v2.3.12.RELEASE, Spring v5.2.15.RELEASE
2026-05-20 10:23:44.120  INFO 76531 --- [           main] c.l.benchmark.BenchmarkDataTool          : The following profiles are active: test
2026-05-20 10:23:44.445  INFO 76531 --- [           main] .s.d.r.c.RepositoryConfigurationDelegate : Multiple Spring Data modules found, entering strict repository configuration mode!
2026-05-20 10:23:44.446  INFO 76531 --- [           main] .s.d.r.c.RepositoryConfigurationDelegate : Bootstrapping Spring Data Redis repositories in DEFAULT mode.
2026-05-20 10:23:44.462  INFO 76531 --- [           main] .s.d.r.c.RepositoryConfigurationDelegate : Finished Spring Data repository scanning in 9ms. Found 0 Redis repository interfaces.
 _ _   |_  _ _|_. ___ _ |    _ 
| | |\/|_)(_| | |_\  |_)||_|_\ 
     /               |         
                        3.4.3 
2026-05-20 10:23:45.224  INFO 76531 --- [           main] com.zaxxer.hikari.HikariDataSource       : HikariPool-1 - Starting...
2026-05-20 10:23:45.337  INFO 76531 --- [           main] com.zaxxer.hikari.HikariDataSource       : HikariPool-1 - Start completed.
2026-05-20 10:23:45.341 DEBUG 76531 --- [           main] c.l.mapper.ShopMapper.selectList         : ==>  Preparing: SELECT id,name,type_id,images,area,address,x,y,avg_price,sold,comments,score,open_hours,create_time,update_time FROM tb_shop
2026-05-20 10:23:45.353 DEBUG 76531 --- [           main] c.l.mapper.ShopMapper.selectList         : ==> Parameters: 
2026-05-20 10:23:45.367 DEBUG 76531 --- [           main] c.l.mapper.ShopMapper.selectList         : <==      Total: 14
2026-05-20 10:23:45.510  INFO 76531 --- [           main] org.redisson.Version                     : Redisson 3.13.6
2026-05-20 10:23:45.622  INFO 76531 --- [sson-netty-4-16] o.r.c.pool.MasterPubSubConnectionPool    : 1 connections initialized for localhost/127.0.0.1:6379
2026-05-20 10:23:45.626  INFO 76531 --- [sson-netty-4-16] o.r.c.pool.MasterConnectionPool          : 24 connections initialized for localhost/127.0.0.1:6379
2026-05-20 10:23:45.787  INFO 76531 --- [           main] c.l.s.impl.VoucherOrderServiceImpl       : Skip seckill order consumer in test profile.
2026-05-20 10:23:46.044  INFO 76531 --- [           main] o.s.s.concurrent.ThreadPoolTaskExecutor  : Initializing ExecutorService 'applicationTaskExecutor'
2026-05-20 10:23:46.277  INFO 76531 --- [           main] o.f.c.internal.license.VersionPrinter    : Flyway Community Edition 6.4.4 by Redgate
2026-05-20 10:23:46.288  INFO 76531 --- [           main] o.f.c.internal.database.DatabaseFactory  : Database: jdbc:mysql://localhost:3306/local_deals (MySQL 8.0)
2026-05-20 10:23:46.317  INFO 76531 --- [           main] o.f.core.internal.command.DbValidate     : Successfully validated 2 migrations (execution time 00:00.016s)
2026-05-20 10:23:46.322  INFO 76531 --- [           main] o.f.core.internal.command.DbMigrate      : Current version of schema `local_deals`: 2
2026-05-20 10:23:46.323  INFO 76531 --- [           main] o.f.core.internal.command.DbMigrate      : Schema `local_deals` is up to date. No migration necessary.
2026-05-20 10:23:46.439  INFO 76531 --- [           main] o.s.b.a.e.web.EndpointLinksResolver      : Exposing 4 endpoint(s) beneath base path '/actuator'
2026-05-20 10:23:46.479  INFO 76531 --- [           main] c.l.benchmark.BenchmarkDataTool          : Started BenchmarkDataTool in 2.473 seconds (JVM running for 2.895)
================== Redis Connection Details ==================
### Spring Boot is ACTUALLY connecting to Redis at: localhost:6379 ###
============================================================
2026-05-20 10:23:46.777  INFO 76531 --- [           main] c.l.benchmark.BenchmarkDataTool          : Reset seckill benchmark data. voucherId=10, stock=10, deletedOrders=1000
[INFO] Tests run: 1, Failures: 0, Errors: 0, Skipped: 0, Time elapsed: 2.929 s - in com.localdeals.benchmark.BenchmarkDataTool
2026-05-20 10:23:46.797  INFO 76531 --- [extShutdownHook] o.s.s.concurrent.ThreadPoolTaskExecutor  : Shutting down ExecutorService 'applicationTaskExecutor'
2026-05-20 10:23:46.815  INFO 76531 --- [extShutdownHook] com.zaxxer.hikari.HikariDataSource       : HikariPool-1 - Shutdown initiated...
2026-05-20 10:23:46.816  INFO 76531 --- [extShutdownHook] com.zaxxer.hikari.HikariDataSource       : HikariPool-1 - Shutdown completed.
[INFO] 
[INFO] Results:
[INFO] 
[INFO] Tests run: 1, Failures: 0, Errors: 0, Skipped: 0
[INFO] 
[INFO] ------------------------------------------------------------------------
[INFO] BUILD SUCCESS
[INFO] ------------------------------------------------------------------------
[INFO] Total time:  4.395 s
[INFO] Finished at: 2026-05-20T10:23:47+08:00
[INFO] ------------------------------------------------------------------------
