[INFO] Scanning for projects...
[INFO] 
[INFO] ------------------------< com.hmdp:hm-dianping >------------------------
[INFO] Building hm-dianping 0.0.1-SNAPSHOT
[INFO]   from pom.xml
[INFO] --------------------------------[ jar ]---------------------------------
[INFO] 
[INFO] --- resources:3.1.0:resources (default-resources) @ hm-dianping ---
[INFO] Using 'UTF-8' encoding to copy filtered resources.
[INFO] Copying 1 resource
[INFO] Copying 4 resources
[INFO] 
[INFO] --- compiler:3.8.1:compile (default-compile) @ hm-dianping ---
[INFO] Nothing to compile - all classes are up to date
[INFO] 
[INFO] --- resources:3.1.0:testResources (default-testResources) @ hm-dianping ---
[INFO] Using 'UTF-8' encoding to copy filtered resources.
[INFO] skip non existing resourceDirectory /home/sd101t/IdeaProjects/hm-dianping-baseline/src/test/resources
[INFO] 
[INFO] --- compiler:3.8.1:testCompile (default-testCompile) @ hm-dianping ---
[INFO] Nothing to compile - all classes are up to date
[INFO] 
[INFO] --- surefire:2.22.2:test (default-test) @ hm-dianping ---
[INFO] 
[INFO] -------------------------------------------------------
[INFO]  T E S T S
[INFO] -------------------------------------------------------
[INFO] Running com.hmdp.benchmark.BenchmarkDataTool
09:44:56.390 [main] DEBUG org.springframework.test.context.BootstrapUtils - Instantiating CacheAwareContextLoaderDelegate from class [org.springframework.test.context.cache.DefaultCacheAwareContextLoaderDelegate]
09:44:56.395 [main] DEBUG org.springframework.test.context.BootstrapUtils - Instantiating BootstrapContext using constructor [public org.springframework.test.context.support.DefaultBootstrapContext(java.lang.Class,org.springframework.test.context.CacheAwareContextLoaderDelegate)]
09:44:56.407 [main] DEBUG org.springframework.test.context.BootstrapUtils - Instantiating TestContextBootstrapper for test class [com.hmdp.benchmark.BenchmarkDataTool] from class [org.springframework.boot.test.context.SpringBootTestContextBootstrapper]
09:44:56.412 [main] INFO org.springframework.boot.test.context.SpringBootTestContextBootstrapper - Neither @ContextConfiguration nor @ContextHierarchy found for test class [com.hmdp.benchmark.BenchmarkDataTool], using SpringBootContextLoader
09:44:56.414 [main] DEBUG org.springframework.test.context.support.AbstractContextLoader - Did not detect default resource location for test class [com.hmdp.benchmark.BenchmarkDataTool]: class path resource [com/hmdp/benchmark/BenchmarkDataTool-context.xml] does not exist
09:44:56.414 [main] DEBUG org.springframework.test.context.support.AbstractContextLoader - Did not detect default resource location for test class [com.hmdp.benchmark.BenchmarkDataTool]: class path resource [com/hmdp/benchmark/BenchmarkDataToolContext.groovy] does not exist
09:44:56.414 [main] INFO org.springframework.test.context.support.AbstractContextLoader - Could not detect default resource locations for test class [com.hmdp.benchmark.BenchmarkDataTool]: no resource found for suffixes {-context.xml, Context.groovy}.
09:44:56.415 [main] INFO org.springframework.test.context.support.AnnotationConfigContextLoaderUtils - Could not detect default configuration classes for test class [com.hmdp.benchmark.BenchmarkDataTool]: BenchmarkDataTool does not declare any static, non-private, non-final, nested classes annotated with @Configuration.
09:44:56.459 [main] DEBUG org.springframework.context.annotation.ClassPathScanningCandidateComponentProvider - Identified candidate component class: file [/home/sd101t/IdeaProjects/hm-dianping-baseline/target/classes/com/hmdp/HmDianPingApplication.class]
09:44:56.459 [main] INFO org.springframework.boot.test.context.SpringBootTestContextBootstrapper - Found @SpringBootConfiguration com.hmdp.HmDianPingApplication for test class com.hmdp.benchmark.BenchmarkDataTool
09:44:56.499 [main] DEBUG org.springframework.boot.test.context.SpringBootTestContextBootstrapper - @TestExecutionListeners is not present for class [com.hmdp.benchmark.BenchmarkDataTool]: using defaults.
09:44:56.499 [main] INFO org.springframework.boot.test.context.SpringBootTestContextBootstrapper - Loaded default TestExecutionListener class names from location [META-INF/spring.factories]: [org.springframework.boot.test.mock.mockito.MockitoTestExecutionListener, org.springframework.boot.test.mock.mockito.ResetMocksTestExecutionListener, org.springframework.boot.test.autoconfigure.restdocs.RestDocsTestExecutionListener, org.springframework.boot.test.autoconfigure.web.client.MockRestServiceServerResetTestExecutionListener, org.springframework.boot.test.autoconfigure.web.servlet.MockMvcPrintOnlyOnFailureTestExecutionListener, org.springframework.boot.test.autoconfigure.web.servlet.WebDriverTestExecutionListener, org.springframework.boot.test.autoconfigure.webservices.client.MockWebServiceServerTestExecutionListener, org.springframework.test.context.web.ServletTestExecutionListener, org.springframework.test.context.support.DirtiesContextBeforeModesTestExecutionListener, org.springframework.test.context.support.DependencyInjectionTestExecutionListener, org.springframework.test.context.support.DirtiesContextTestExecutionListener, org.springframework.test.context.transaction.TransactionalTestExecutionListener, org.springframework.test.context.jdbc.SqlScriptsTestExecutionListener, org.springframework.test.context.event.EventPublishingTestExecutionListener]
09:44:56.505 [main] INFO org.springframework.boot.test.context.SpringBootTestContextBootstrapper - Using TestExecutionListeners: [org.springframework.test.context.web.ServletTestExecutionListener@359df09a, org.springframework.test.context.support.DirtiesContextBeforeModesTestExecutionListener@43df23d3, org.springframework.boot.test.mock.mockito.MockitoTestExecutionListener@6d60fe40, org.springframework.boot.test.autoconfigure.SpringBootDependencyInjectionTestExecutionListener@792b749c, org.springframework.test.context.support.DirtiesContextTestExecutionListener@23e84203, org.springframework.test.context.transaction.TransactionalTestExecutionListener@19932c16, org.springframework.test.context.jdbc.SqlScriptsTestExecutionListener@73eb439a, org.springframework.test.context.event.EventPublishingTestExecutionListener@514646ef, org.springframework.boot.test.mock.mockito.ResetMocksTestExecutionListener@305ffe9e, org.springframework.boot.test.autoconfigure.restdocs.RestDocsTestExecutionListener@302c971f, org.springframework.boot.test.autoconfigure.web.client.MockRestServiceServerResetTestExecutionListener@1972e513, org.springframework.boot.test.autoconfigure.web.servlet.MockMvcPrintOnlyOnFailureTestExecutionListener@7ae0a9ec, org.springframework.boot.test.autoconfigure.web.servlet.WebDriverTestExecutionListener@35841320, org.springframework.boot.test.autoconfigure.webservices.client.MockWebServiceServerTestExecutionListener@61c4eee0]
09:44:56.507 [main] DEBUG org.springframework.test.context.support.AbstractDirtiesContextTestExecutionListener - Before test class: context [DefaultTestContext@c430e6c testClass = BenchmarkDataTool, testInstance = [null], testMethod = [null], testException = [null], mergedContextConfiguration = [WebMergedContextConfiguration@312aa7c testClass = BenchmarkDataTool, locations = '{}', classes = '{class com.hmdp.HmDianPingApplication}', contextInitializerClasses = '[]', activeProfiles = '{test}', propertySourceLocations = '{}', propertySourceProperties = '{org.springframework.boot.test.context.SpringBootTestContextBootstrapper=true}', contextCustomizers = set[org.springframework.boot.test.context.filter.ExcludeFilterContextCustomizer@6b81ce95, org.springframework.boot.test.json.DuplicateJsonObjectContextCustomizerFactory$DuplicateJsonObjectContextCustomizer@52bf72b5, org.springframework.boot.test.mock.mockito.MockitoContextCustomizer@0, org.springframework.boot.test.web.client.TestRestTemplateContextCustomizer@3febb011, org.springframework.boot.test.autoconfigure.properties.PropertyMappingContextCustomizer@0, org.springframework.boot.test.autoconfigure.web.servlet.WebDriverContextCustomizerFactory$Customizer@130d63be, org.springframework.boot.test.context.SpringBootTestArgs@1, org.springframework.boot.test.context.SpringBootTestWebEnvironment@1810399e], resourceBasePath = 'src/main/webapp', contextLoader = 'org.springframework.boot.test.context.SpringBootContextLoader', parent = [null]], attributes = map['org.springframework.test.context.web.ServletTestExecutionListener.activateListener' -> true]], class annotated with @DirtiesContext [false] with mode [null].
09:44:56.517 [main] DEBUG org.springframework.core.env.StandardEnvironment - Activating profiles [test]
09:44:56.518 [main] DEBUG org.springframework.test.context.support.TestPropertySourceUtils - Adding inlined properties to environment: {spring.jmx.enabled=false, org.springframework.boot.test.context.SpringBootTestContextBootstrapper=true}

  .   ____          _            __ _ _
 /\\ / ___'_ __ _ _(_)_ __  __ _ \ \ \ \
( ( )\___ | '_ | '_| | '_ \/ _` | \ \ \ \
 \\/  ___)| |_)| | | | | || (_| |  ) ) ) )
  '  |____| .__|_| |_|_| |_\__, | / / / /
 =========|_|==============|___/=/_/_/_/
 :: Spring Boot ::       (v2.3.12.RELEASE)

2026-05-20 09:44:56.632  INFO 59892 --- [           main] com.hmdp.benchmark.BenchmarkDataTool     : Starting BenchmarkDataTool on sd101t-MS-7D76 with PID 59892 (started by sd101t in /home/sd101t/IdeaProjects/hm-dianping-baseline)
2026-05-20 09:44:56.632 DEBUG 59892 --- [           main] com.hmdp.benchmark.BenchmarkDataTool     : Running with Spring Boot v2.3.12.RELEASE, Spring v5.2.15.RELEASE
2026-05-20 09:44:56.632  INFO 59892 --- [           main] com.hmdp.benchmark.BenchmarkDataTool     : The following profiles are active: test
2026-05-20 09:44:56.956  INFO 59892 --- [           main] .s.d.r.c.RepositoryConfigurationDelegate : Multiple Spring Data modules found, entering strict repository configuration mode!
2026-05-20 09:44:56.957  INFO 59892 --- [           main] .s.d.r.c.RepositoryConfigurationDelegate : Bootstrapping Spring Data Redis repositories in DEFAULT mode.
2026-05-20 09:44:56.971  INFO 59892 --- [           main] .s.d.r.c.RepositoryConfigurationDelegate : Finished Spring Data repository scanning in 9ms. Found 0 Redis repository interfaces.
 _ _   |_  _ _|_. ___ _ |    _ 
| | |\/|_)(_| | |_\  |_)||_|_\ 
     /               |         
                        3.4.3 
2026-05-20 09:44:57.740  INFO 59892 --- [           main] com.zaxxer.hikari.HikariDataSource       : HikariPool-1 - Starting...
2026-05-20 09:44:57.837  INFO 59892 --- [           main] com.zaxxer.hikari.HikariDataSource       : HikariPool-1 - Start completed.
2026-05-20 09:44:57.841 DEBUG 59892 --- [           main] com.hmdp.mapper.ShopMapper.selectList    : ==>  Preparing: SELECT id,name,type_id,images,area,address,x,y,avg_price,sold,comments,score,open_hours,create_time,update_time FROM tb_shop
2026-05-20 09:44:57.853 DEBUG 59892 --- [           main] com.hmdp.mapper.ShopMapper.selectList    : ==> Parameters: 
2026-05-20 09:44:57.866 DEBUG 59892 --- [           main] com.hmdp.mapper.ShopMapper.selectList    : <==      Total: 14
2026-05-20 09:44:58.017  INFO 59892 --- [           main] org.redisson.Version                     : Redisson 3.13.6
2026-05-20 09:44:58.136  INFO 59892 --- [sson-netty-4-20] o.r.c.pool.MasterPubSubConnectionPool    : 1 connections initialized for localhost/127.0.0.1:6379
2026-05-20 09:44:58.139  INFO 59892 --- [sson-netty-4-20] o.r.c.pool.MasterConnectionPool          : 24 connections initialized for localhost/127.0.0.1:6379
2026-05-20 09:44:58.155  INFO 59892 --- [           main] c.h.s.impl.VoucherOrderServiceImpl       : Skip seckill order consumer in test profile.
2026-05-20 09:44:58.526  INFO 59892 --- [           main] o.s.s.concurrent.ThreadPoolTaskExecutor  : Initializing ExecutorService 'applicationTaskExecutor'
2026-05-20 09:44:58.843  INFO 59892 --- [           main] o.s.b.a.e.web.EndpointLinksResolver      : Exposing 2 endpoint(s) beneath base path '/actuator'
2026-05-20 09:44:58.875  INFO 59892 --- [           main] com.hmdp.benchmark.BenchmarkDataTool     : Started BenchmarkDataTool in 2.352 seconds (JVM running for 2.778)
================== Redis Connection Details ==================
### Spring Boot is ACTUALLY connecting to Redis at: localhost:6379 ###
============================================================
2026-05-20 09:44:59.161  INFO 59892 --- [           main] com.hmdp.benchmark.BenchmarkDataTool     : Reset seckill benchmark data. voucherId=11, stock=10, deletedOrders=1000
[INFO] Tests run: 1, Failures: 0, Errors: 0, Skipped: 0, Time elapsed: 2.799 s - in com.hmdp.benchmark.BenchmarkDataTool
2026-05-20 09:44:59.181  INFO 59892 --- [extShutdownHook] o.s.s.concurrent.ThreadPoolTaskExecutor  : Shutting down ExecutorService 'applicationTaskExecutor'
2026-05-20 09:44:59.189  INFO 59892 --- [extShutdownHook] com.zaxxer.hikari.HikariDataSource       : HikariPool-1 - Shutdown initiated...
2026-05-20 09:44:59.190  INFO 59892 --- [extShutdownHook] com.zaxxer.hikari.HikariDataSource       : HikariPool-1 - Shutdown completed.
[INFO] 
[INFO] Results:
[INFO] 
[INFO] Tests run: 1, Failures: 0, Errors: 0, Skipped: 0
[INFO] 
[INFO] ------------------------------------------------------------------------
[INFO] BUILD SUCCESS
[INFO] ------------------------------------------------------------------------
[INFO] Total time:  4.173 s
[INFO] Finished at: 2026-05-20T09:44:59+08:00
[INFO] ------------------------------------------------------------------------
